<?xml version="1.0" encoding="UTF-8"?>
<!-- Generated by org.testng.reporters.JUnitReportReporter -->
<testsuite name="com.hybridFramework.loginPage.LoginTest" tests="1" time="104.197" ignored="0" failures="0" timestamp="04 Dec 2018 10:59:28 GMT" skipped="0" hostname="NGL011478" errors="0">
  <testcase name="testLoginToApplication" time="104.197" classname="com.hybridFramework.loginPage.LoginTest"/>
</testsuite> <!-- com.hybridFramework.loginPage.LoginTest -->
