<?xml version="1.0" encoding="UTF-8"?>
<!-- Generated by org.testng.reporters.JUnitReportReporter -->
<testsuite name="com.datadrivenframework.login.LoginTest" tests="1" time="26.262" ignored="0" failures="0" timestamp="11 Dec 2018 06:44:05 GMT" skipped="0" hostname="NGL011478" errors="0">
  <testcase name="testLoginToApplication" time="26.262" classname="com.datadrivenframework.login.LoginTest"/>
</testsuite> <!-- com.datadrivenframework.login.LoginTest -->
