<?xml version="1.0" encoding="UTF-8"?>
<!-- Generated by org.testng.reporters.JUnitReportReporter -->
<testsuite name="com.datadrivenframework.login.LoginTest" tests="1" time="30.049" ignored="0" failures="0" timestamp="13 Dec 2018 12:51:27 GMT" skipped="0" hostname="NGL011478" errors="0">
  <testcase name="testLoginToApplication" time="30.049" classname="com.datadrivenframework.login.LoginTest"/>
</testsuite> <!-- com.datadrivenframework.login.LoginTest -->
